Extraction data started, 2024-Jun-14-13:35:34
Extraction data finished, 2024-Jun-14-13:35:34
Transforming data started, 2024-Jun-14-13:35:34
Transforming data finished, 2024-Jun-14-13:35:34
loading data started, 2024-Jun-14-13:35:34
Extraction data started, 2024-Jun-14-13:36:18
Extraction data finished, 2024-Jun-14-13:36:18
Transforming data started, 2024-Jun-14-13:36:18
Transforming data finished, 2024-Jun-14-13:36:18
loading data started, 2024-Jun-14-13:36:18
Extraction data started, 2024-Jun-14-13:36:57
Extraction data finished, 2024-Jun-14-13:36:57
Transforming data started, 2024-Jun-14-13:36:57
Transforming data finished, 2024-Jun-14-13:36:57
loading data started, 2024-Jun-14-13:36:57
Extraction data started, 2024-Jun-14-13:38:49
Extraction data finished, 2024-Jun-14-13:38:49
Transforming data started, 2024-Jun-14-13:38:49
Transforming data finished, 2024-Jun-14-13:38:49
loading data started, 2024-Jun-14-13:38:49
Extraction data started, 2024-Jun-14-13:39:36
Extraction data finished, 2024-Jun-14-13:39:36
Transforming data started, 2024-Jun-14-13:39:36
Transforming data finished, 2024-Jun-14-13:39:36
loading data started, 2024-Jun-14-13:39:36
Extraction data started, 2024-Jun-14-13:40:18
Extraction data finished, 2024-Jun-14-13:40:18
Transforming data started, 2024-Jun-14-13:40:18
Transforming data finished, 2024-Jun-14-13:40:18
loading data started, 2024-Jun-14-13:40:18
loading data finished, 2024-Jun-14-13:40:18
Extraction data started, 2024-Jun-14-13:47:37
Extraction data finished, 2024-Jun-14-13:47:37
Transforming data started, 2024-Jun-14-13:47:37
Transforming data finished, 2024-Jun-14-13:47:37
loading data started, 2024-Jun-14-13:47:37
loading data finished, 2024-Jun-14-13:47:38
Extraction data started, 2024-Jun-14-13:48:34
Extraction data finished, 2024-Jun-14-13:48:34
Transforming data started, 2024-Jun-14-13:48:34
Transforming data finished, 2024-Jun-14-13:48:34
loading data started, 2024-Jun-14-13:48:34
Extraction data started, 2024-Jun-14-13:54:50
Extraction data finished, 2024-Jun-14-13:54:50
Transforming data started, 2024-Jun-14-13:54:50
Transforming data finished, 2024-Jun-14-13:54:50
loading data started, 2024-Jun-14-13:54:50
loading data finished, 2024-Jun-14-13:54:51
Extraction data started, 2024-Jun-14-13:57:21
Extraction data finished, 2024-Jun-14-13:57:21
Transforming data started, 2024-Jun-14-13:57:21
Transforming data finished, 2024-Jun-14-13:57:21
loading data started, 2024-Jun-14-13:57:21
loading data finished, 2024-Jun-14-13:57:22
Extraction data started, 2024-Jun-14-13:58:05
Extraction data finished, 2024-Jun-14-13:58:05
Transforming data started, 2024-Jun-14-13:58:05
Transforming data finished, 2024-Jun-14-13:58:05
loading data started, 2024-Jun-14-13:58:05
loading data finished, 2024-Jun-14-13:58:06
Extraction data started, 2024-Jun-14-13:59:54
Extraction data finished, 2024-Jun-14-13:59:54
Transforming data started, 2024-Jun-14-13:59:54
Transforming data finished, 2024-Jun-14-13:59:54
loading data started, 2024-Jun-14-13:59:54
loading data finished, 2024-Jun-14-13:59:55
Extraction data started, 2024-Jun-14-14:09:21
Extraction data finished, 2024-Jun-14-14:09:21
Transforming data started, 2024-Jun-14-14:09:21
Transforming data finished, 2024-Jun-14-14:09:21
loading data started, 2024-Jun-14-14:09:21
